<?xml version="1.0" encoding="UTF-8"?>
<!-- Generated by org.testng.reporters.JUnitXMLReporter -->
<testsuite ignored="0" hostname="DESKTOP-75E38U1" failures="0" tests="5" name="Default test" time="0.057" errors="0" timestamp="2022-02-15T17:05:36 IST">
  <testcase classname="testNGtutorial.carloan" name="Loanstatus" time="0.006"/>
  <testcase classname="testNGtutorial.carloan" name="Tenureperiod" time="0.001"/>
  <testcase classname="testNGtutorial.carloan" name="Tenureperiod" time="0.001"/>
  <testcase classname="testNGtutorial.carloan" name="Tenureperiod" time="0.001"/>
  <testcase classname="testNGtutorial.carloan" name="loanrate" time="0.001"/>
</testsuite> <!-- Default test -->
