<?xml version="1.0" encoding="UTF-8"?>
<!-- Generated by org.testng.reporters.JUnitXMLReporter -->
<testsuite ignored="0" hostname="DESKTOP-75E38U1" failures="0" tests="3" name="carloan" time="0.006" errors="0" timestamp="2022-02-15T13:34:01 IST">
  <testcase classname="testNGtutorial.personalloan" name="loanamount" time="0.001"/>
  <testcase classname="testNGtutorial.personalloan" name="loanrate" time="0.001"/>
  <testcase classname="testNGtutorial.personalloan" name="loanstatus" time="0.001"/>
</testsuite> <!-- carloan -->
