<?xml version="1.0" encoding="UTF-8"?>
<!-- Generated by org.testng.reporters.JUnitXMLReporter -->
<testsuite ignored="0" hostname="DESKTOP-75E38U1" failures="0" tests="13" name="personal loan" time="0.07" errors="0" timestamp="2022-02-15T15:05:37 IST">
  <testcase classname="testNGtutorial.carloan" name="Loanstatus" time="0.009"/>
  <testcase classname="testNGtutorial.carloan" name="Tenureperiod" time="0.001"/>
  <testcase classname="testNGtutorial.carloan" name="loanrate" time="0.002"/>
  <testcase classname="testNGtutorial.class1" name="personalloan" time="0.001"/>
  <testcase classname="testNGtutorial.classone" name="clssroom" time="0.001"/>
  <testcase classname="testNGtutorial.classone" name="college" time="0.001"/>
  <testcase classname="testNGtutorial.classone" name="lasttestcase" time="0.0"/>
  <testcase classname="testNGtutorial.homeloan" name="homeloanamount" time="0.001"/>
  <testcase classname="testNGtutorial.homeloan" name="homeloanperiod" time="0.001"/>
  <testcase classname="testNGtutorial.homeloan" name="status" time="0.0"/>
  <testcase classname="testNGtutorial.personalloan" name="loanamount" time="0.001"/>
  <testcase classname="testNGtutorial.personalloan" name="loanrate" time="0.001"/>
  <testcase classname="testNGtutorial.personalloan" name="loanstatus" time="0.001"/>
</testsuite> <!-- personal loan -->
